<?xml version="1.0" encoding="UTF-8"?>
<testsuite xmlns:xsi="http://www.w3.org/2001/XMLSchema-instance" xsi:noNamespaceSchemaLocation="https://maven.apache.org/surefire/maven-surefire-plugin/xsd/surefire-test-report-3.0.xsd" version="3.0" name="com.seleniumtesting.demoblaze.UserSignUpOperationTest" time="4.071" tests="1" errors="0" skipped="0" failures="0">
  <properties>
    <property name="java.specification.version" value="16"/>
    <property name="webdriver.chrome.driver" value="/Users/herve.tcheukado/.m2/repository/webdriver/chromedriver/mac64/92.0.4515.43/chromedriver"/>
    <property name="sun.jnu.encoding" value="UTF-8"/>
    <property name="java.class.path" value="/Users/herve.tcheukado/projects/JAVA/SeleniumChromeless-e2e/target/test-classes:/Users/herve.tcheukado/projects/JAVA/SeleniumChromeless-e2e/target/classes:/Users/herve.tcheukado/.m2/repository/org/seleniumhq/selenium/selenium-java/3.141.59/selenium-java-3.141.59.jar:/Users/herve.tcheukado/.m2/repository/org/seleniumhq/selenium/selenium-api/3.141.59/selenium-api-3.141.59.jar:/Users/herve.tcheukado/.m2/repository/org/seleniumhq/selenium/selenium-chrome-driver/3.141.59/selenium-chrome-driver-3.141.59.jar:/Users/herve.tcheukado/.m2/repository/org/seleniumhq/selenium/selenium-edge-driver/3.141.59/selenium-edge-driver-3.141.59.jar:/Users/herve.tcheukado/.m2/repository/org/seleniumhq/selenium/selenium-firefox-driver/3.141.59/selenium-firefox-driver-3.141.59.jar:/Users/herve.tcheukado/.m2/repository/org/seleniumhq/selenium/selenium-ie-driver/3.141.59/selenium-ie-driver-3.141.59.jar:/Users/herve.tcheukado/.m2/repository/org/seleniumhq/selenium/selenium-opera-driver/3.141.59/selenium-opera-driver-3.141.59.jar:/Users/herve.tcheukado/.m2/repository/org/seleniumhq/selenium/selenium-remote-driver/3.141.59/selenium-remote-driver-3.141.59.jar:/Users/herve.tcheukado/.m2/repository/org/seleniumhq/selenium/selenium-safari-driver/3.141.59/selenium-safari-driver-3.141.59.jar:/Users/herve.tcheukado/.m2/repository/org/seleniumhq/selenium/selenium-support/3.141.59/selenium-support-3.141.59.jar:/Users/herve.tcheukado/.m2/repository/net/bytebuddy/byte-buddy/1.8.15/byte-buddy-1.8.15.jar:/Users/herve.tcheukado/.m2/repository/org/apache/commons/commons-exec/1.3/commons-exec-1.3.jar:/Users/herve.tcheukado/.m2/repository/com/google/guava/guava/25.0-jre/guava-25.0-jre.jar:/Users/herve.tcheukado/.m2/repository/com/google/code/findbugs/jsr305/1.3.9/jsr305-1.3.9.jar:/Users/herve.tcheukado/.m2/repository/org/checkerframework/checker-compat-qual/2.0.0/checker-compat-qual-2.0.0.jar:/Users/herve.tcheukado/.m2/repository/com/google/errorprone/error_prone_annotations/2.1.3/error_prone_annotations-2.1.3.jar:/Users/herve.tcheukado/.m2/repository/com/google/j2objc/j2objc-annotations/1.1/j2objc-annotations-1.1.jar:/Users/herve.tcheukado/.m2/repository/org/codehaus/mojo/animal-sniffer-annotations/1.14/animal-sniffer-annotations-1.14.jar:/Users/herve.tcheukado/.m2/repository/com/squareup/okhttp3/okhttp/3.11.0/okhttp-3.11.0.jar:/Users/herve.tcheukado/.m2/repository/com/squareup/okio/okio/1.14.0/okio-1.14.0.jar:/Users/herve.tcheukado/.m2/repository/org/junit/jupiter/junit-jupiter-api/5.6.2/junit-jupiter-api-5.6.2.jar:/Users/herve.tcheukado/.m2/repository/org/apiguardian/apiguardian-api/1.1.0/apiguardian-api-1.1.0.jar:/Users/herve.tcheukado/.m2/repository/org/opentest4j/opentest4j/1.2.0/opentest4j-1.2.0.jar:/Users/herve.tcheukado/.m2/repository/org/junit/platform/junit-platform-commons/1.6.2/junit-platform-commons-1.6.2.jar:/Users/herve.tcheukado/.m2/repository/org/junit/jupiter/junit-jupiter-engine/5.6.2/junit-jupiter-engine-5.6.2.jar:/Users/herve.tcheukado/.m2/repository/org/junit/platform/junit-platform-engine/1.6.2/junit-platform-engine-1.6.2.jar:/Users/herve.tcheukado/.m2/repository/org/junit/jupiter/junit-jupiter-params/5.6.2/junit-jupiter-params-5.6.2.jar:/Users/herve.tcheukado/.m2/repository/org/junit/vintage/junit-vintage-engine/5.6.2/junit-vintage-engine-5.6.2.jar:/Users/herve.tcheukado/.m2/repository/junit/junit/4.13/junit-4.13.jar:/Users/herve.tcheukado/.m2/repository/org/hamcrest/hamcrest-core/1.3/hamcrest-core-1.3.jar:/Users/herve.tcheukado/.m2/repository/org/junit/jupiter/junit-jupiter/5.6.2/junit-jupiter-5.6.2.jar:/Users/herve.tcheukado/.m2/repository/io/github/bonigarcia/webdrivermanager/3.8.1/webdrivermanager-3.8.1.jar:/Users/herve.tcheukado/.m2/repository/org/slf4j/slf4j-api/1.7.25/slf4j-api-1.7.25.jar:/Users/herve.tcheukado/.m2/repository/commons-io/commons-io/2.6/commons-io-2.6.jar:/Users/herve.tcheukado/.m2/repository/com/google/code/gson/gson/2.8.5/gson-2.8.5.jar:/Users/herve.tcheukado/.m2/repository/org/apache/commons/commons-lang3/3.8.1/commons-lang3-3.8.1.jar:/Users/herve.tcheukado/.m2/repository/org/apache/httpcomponents/httpclient/4.5.6/httpclient-4.5.6.jar:/Users/herve.tcheukado/.m2/repository/org/apache/httpcomponents/httpcore/4.4.10/httpcore-4.4.10.jar:/Users/herve.tcheukado/.m2/repository/commons-logging/commons-logging/1.2/commons-logging-1.2.jar:/Users/herve.tcheukado/.m2/repository/commons-codec/commons-codec/1.10/commons-codec-1.10.jar:/Users/herve.tcheukado/.m2/repository/org/rauschig/jarchivelib/1.0.0/jarchivelib-1.0.0.jar:/Users/herve.tcheukado/.m2/repository/org/apache/commons/commons-compress/1.18/commons-compress-1.18.jar:/Users/herve.tcheukado/.m2/repository/org/jsoup/jsoup/1.11.3/jsoup-1.11.3.jar:/Users/herve.tcheukado/.m2/repository/org/junit/platform/junit-platform-launcher/1.6.2/junit-platform-launcher-1.6.2.jar:/Users/herve.tcheukado/.m2/repository/org/testng/testng/7.1.0/testng-7.1.0.jar:/Users/herve.tcheukado/.m2/repository/com/beust/jcommander/1.72/jcommander-1.72.jar:/Users/herve.tcheukado/.m2/repository/com/google/inject/guice/4.1.0/guice-4.1.0-no_aop.jar:/Users/herve.tcheukado/.m2/repository/javax/inject/javax.inject/1/javax.inject-1.jar:/Users/herve.tcheukado/.m2/repository/aopalliance/aopalliance/1.0/aopalliance-1.0.jar:/Users/herve.tcheukado/.m2/repository/org/yaml/snakeyaml/1.21/snakeyaml-1.21.jar:"/>
    <property name="java.vm.vendor" value="Homebrew"/>
    <property name="sun.arch.data.model" value="64"/>
    <property name="java.vendor.url" value="https://github.com/Homebrew/homebrew-core/issues"/>
    <property name="user.timezone" value="America/Chicago"/>
    <property name="os.name" value="Mac OS X"/>
    <property name="java.vm.specification.version" value="16"/>
    <property name="sun.java.launcher" value="SUN_STANDARD"/>
    <property name="user.country" value="US"/>
    <property name="sun.boot.library.path" value="/usr/local/Cellar/openjdk/16.0.1/libexec/openjdk.jdk/Contents/Home/lib"/>
    <property name="sun.java.command" value="/Users/herve.tcheukado/projects/JAVA/SeleniumChromeless-e2e/target/surefire/surefirebooter4765875918708238278.jar /Users/herve.tcheukado/projects/JAVA/SeleniumChromeless-e2e/target/surefire 2021-07-31T12-32-46_001-jvmRun1 surefire10615636753861989261tmp surefire_09516184779270882403tmp"/>
    <property name="jdk.debug" value="release"/>
    <property name="surefire.test.class.path" value="/Users/herve.tcheukado/projects/JAVA/SeleniumChromeless-e2e/target/test-classes:/Users/herve.tcheukado/projects/JAVA/SeleniumChromeless-e2e/target/classes:/Users/herve.tcheukado/.m2/repository/org/seleniumhq/selenium/selenium-java/3.141.59/selenium-java-3.141.59.jar:/Users/herve.tcheukado/.m2/repository/org/seleniumhq/selenium/selenium-api/3.141.59/selenium-api-3.141.59.jar:/Users/herve.tcheukado/.m2/repository/org/seleniumhq/selenium/selenium-chrome-driver/3.141.59/selenium-chrome-driver-3.141.59.jar:/Users/herve.tcheukado/.m2/repository/org/seleniumhq/selenium/selenium-edge-driver/3.141.59/selenium-edge-driver-3.141.59.jar:/Users/herve.tcheukado/.m2/repository/org/seleniumhq/selenium/selenium-firefox-driver/3.141.59/selenium-firefox-driver-3.141.59.jar:/Users/herve.tcheukado/.m2/repository/org/seleniumhq/selenium/selenium-ie-driver/3.141.59/selenium-ie-driver-3.141.59.jar:/Users/herve.tcheukado/.m2/repository/org/seleniumhq/selenium/selenium-opera-driver/3.141.59/selenium-opera-driver-3.141.59.jar:/Users/herve.tcheukado/.m2/repository/org/seleniumhq/selenium/selenium-remote-driver/3.141.59/selenium-remote-driver-3.141.59.jar:/Users/herve.tcheukado/.m2/repository/org/seleniumhq/selenium/selenium-safari-driver/3.141.59/selenium-safari-driver-3.141.59.jar:/Users/herve.tcheukado/.m2/repository/org/seleniumhq/selenium/selenium-support/3.141.59/selenium-support-3.141.59.jar:/Users/herve.tcheukado/.m2/repository/net/bytebuddy/byte-buddy/1.8.15/byte-buddy-1.8.15.jar:/Users/herve.tcheukado/.m2/repository/org/apache/commons/commons-exec/1.3/commons-exec-1.3.jar:/Users/herve.tcheukado/.m2/repository/com/google/guava/guava/25.0-jre/guava-25.0-jre.jar:/Users/herve.tcheukado/.m2/repository/com/google/code/findbugs/jsr305/1.3.9/jsr305-1.3.9.jar:/Users/herve.tcheukado/.m2/repository/org/checkerframework/checker-compat-qual/2.0.0/checker-compat-qual-2.0.0.jar:/Users/herve.tcheukado/.m2/repository/com/google/errorprone/error_prone_annotations/2.1.3/error_prone_annotations-2.1.3.jar:/Users/herve.tcheukado/.m2/repository/com/google/j2objc/j2objc-annotations/1.1/j2objc-annotations-1.1.jar:/Users/herve.tcheukado/.m2/repository/org/codehaus/mojo/animal-sniffer-annotations/1.14/animal-sniffer-annotations-1.14.jar:/Users/herve.tcheukado/.m2/repository/com/squareup/okhttp3/okhttp/3.11.0/okhttp-3.11.0.jar:/Users/herve.tcheukado/.m2/repository/com/squareup/okio/okio/1.14.0/okio-1.14.0.jar:/Users/herve.tcheukado/.m2/repository/org/junit/jupiter/junit-jupiter-api/5.6.2/junit-jupiter-api-5.6.2.jar:/Users/herve.tcheukado/.m2/repository/org/apiguardian/apiguardian-api/1.1.0/apiguardian-api-1.1.0.jar:/Users/herve.tcheukado/.m2/repository/org/opentest4j/opentest4j/1.2.0/opentest4j-1.2.0.jar:/Users/herve.tcheukado/.m2/repository/org/junit/platform/junit-platform-commons/1.6.2/junit-platform-commons-1.6.2.jar:/Users/herve.tcheukado/.m2/repository/org/junit/jupiter/junit-jupiter-engine/5.6.2/junit-jupiter-engine-5.6.2.jar:/Users/herve.tcheukado/.m2/repository/org/junit/platform/junit-platform-engine/1.6.2/junit-platform-engine-1.6.2.jar:/Users/herve.tcheukado/.m2/repository/org/junit/jupiter/junit-jupiter-params/5.6.2/junit-jupiter-params-5.6.2.jar:/Users/herve.tcheukado/.m2/repository/org/junit/vintage/junit-vintage-engine/5.6.2/junit-vintage-engine-5.6.2.jar:/Users/herve.tcheukado/.m2/repository/junit/junit/4.13/junit-4.13.jar:/Users/herve.tcheukado/.m2/repository/org/hamcrest/hamcrest-core/1.3/hamcrest-core-1.3.jar:/Users/herve.tcheukado/.m2/repository/org/junit/jupiter/junit-jupiter/5.6.2/junit-jupiter-5.6.2.jar:/Users/herve.tcheukado/.m2/repository/io/github/bonigarcia/webdrivermanager/3.8.1/webdrivermanager-3.8.1.jar:/Users/herve.tcheukado/.m2/repository/org/slf4j/slf4j-api/1.7.25/slf4j-api-1.7.25.jar:/Users/herve.tcheukado/.m2/repository/commons-io/commons-io/2.6/commons-io-2.6.jar:/Users/herve.tcheukado/.m2/repository/com/google/code/gson/gson/2.8.5/gson-2.8.5.jar:/Users/herve.tcheukado/.m2/repository/org/apache/commons/commons-lang3/3.8.1/commons-lang3-3.8.1.jar:/Users/herve.tcheukado/.m2/repository/org/apache/httpcomponents/httpclient/4.5.6/httpclient-4.5.6.jar:/Users/herve.tcheukado/.m2/repository/org/apache/httpcomponents/httpcore/4.4.10/httpcore-4.4.10.jar:/Users/herve.tcheukado/.m2/repository/commons-logging/commons-logging/1.2/commons-logging-1.2.jar:/Users/herve.tcheukado/.m2/repository/commons-codec/commons-codec/1.10/commons-codec-1.10.jar:/Users/herve.tcheukado/.m2/repository/org/rauschig/jarchivelib/1.0.0/jarchivelib-1.0.0.jar:/Users/herve.tcheukado/.m2/repository/org/apache/commons/commons-compress/1.18/commons-compress-1.18.jar:/Users/herve.tcheukado/.m2/repository/org/jsoup/jsoup/1.11.3/jsoup-1.11.3.jar:/Users/herve.tcheukado/.m2/repository/org/junit/platform/junit-platform-launcher/1.6.2/junit-platform-launcher-1.6.2.jar:/Users/herve.tcheukado/.m2/repository/org/testng/testng/7.1.0/testng-7.1.0.jar:/Users/herve.tcheukado/.m2/repository/com/beust/jcommander/1.72/jcommander-1.72.jar:/Users/herve.tcheukado/.m2/repository/com/google/inject/guice/4.1.0/guice-4.1.0-no_aop.jar:/Users/herve.tcheukado/.m2/repository/javax/inject/javax.inject/1/javax.inject-1.jar:/Users/herve.tcheukado/.m2/repository/aopalliance/aopalliance/1.0/aopalliance-1.0.jar:/Users/herve.tcheukado/.m2/repository/org/yaml/snakeyaml/1.21/snakeyaml-1.21.jar:"/>
    <property name="sun.cpu.endian" value="little"/>
    <property name="user.home" value="/Users/herve.tcheukado"/>
    <property name="user.language" value="en"/>
    <property name="java.specification.vendor" value="Oracle Corporation"/>
    <property name="java.version.date" value="2021-04-20"/>
    <property name="java.home" value="/usr/local/Cellar/openjdk/16.0.1/libexec/openjdk.jdk/Contents/Home"/>
    <property name="file.separator" value="/"/>
    <property name="basedir" value="/Users/herve.tcheukado/projects/JAVA/SeleniumChromeless-e2e"/>
    <property name="java.vm.compressedOopsMode" value="Zero based"/>
    <property name="line.separator" value="&#10;"/>
    <property name="java.vm.specification.vendor" value="Oracle Corporation"/>
    <property name="java.specification.name" value="Java Platform API Specification"/>
    <property name="surefire.real.class.path" value="/Users/herve.tcheukado/projects/JAVA/SeleniumChromeless-e2e/target/surefire/surefirebooter4765875918708238278.jar"/>
    <property name="sun.management.compiler" value="HotSpot 64-Bit Tiered Compilers"/>
    <property name="java.runtime.version" value="16.0.1+0"/>
    <property name="user.name" value="herve.tcheukado"/>
    <property name="path.separator" value=":"/>
    <property name="os.version" value="10.15.7"/>
    <property name="java.runtime.name" value="OpenJDK Runtime Environment"/>
    <property name="file.encoding" value="UTF-8"/>
    <property name="java.vm.name" value="OpenJDK 64-Bit Server VM"/>
    <property name="java.vendor.version" value="Homebrew"/>
    <property name="localRepository" value="/Users/herve.tcheukado/.m2/repository"/>
    <property name="java.vendor.url.bug" value="https://github.com/Homebrew/homebrew-core/issues"/>
    <property name="java.io.tmpdir" value="/var/folders/yl/8n7_m9q50px09406dr8wtzy00000gp/T/"/>
    <property name="java.version" value="16.0.1"/>
    <property name="user.dir" value="/Users/herve.tcheukado/projects/JAVA/SeleniumChromeless-e2e"/>
    <property name="os.arch" value="x86_64"/>
    <property name="java.vm.specification.name" value="Java Virtual Machine Specification"/>
    <property name="java.library.path" value="/Users/herve.tcheukado/Library/Java/Extensions:/Library/Java/Extensions:/Network/Library/Java/Extensions:/System/Library/Java/Extensions:/usr/lib/java:."/>
    <property name="java.vm.info" value="mixed mode, sharing"/>
    <property name="java.vendor" value="Homebrew"/>
    <property name="java.vm.version" value="16.0.1+0"/>
    <property name="sun.io.unicode.encoding" value="UnicodeBig"/>
    <property name="java.class.version" value="60.0"/>
  </properties>
  <testcase name="userLogin" classname="com.seleniumtesting.demoblaze.UserSignUpOperationTest" time="0.625">
    <system-out><![CDATA[Current URL is:https://the-internet.herokuapp.com/secure
]]></system-out>
    <system-err><![CDATA[SLF4J: Failed to load class "org.slf4j.impl.StaticLoggerBinder".
SLF4J: Defaulting to no-operation (NOP) logger implementation
SLF4J: See http://www.slf4j.org/codes.html#StaticLoggerBinder for further details.
Starting ChromeDriver 92.0.4515.43 (8c61b7e2989f2990d42f859cac71319137787cce-refs/branch-heads/4515@{#306}) on port 45673
Only local connections are allowed.
Please see https://chromedriver.chromium.org/security-considerations for suggestions on keeping ChromeDriver safe.
ChromeDriver was started successfully.
Jul 31, 2021 12:32:48 PM org.openqa.selenium.remote.ProtocolHandshake createSession
INFO: Detected dialect: W3C
]]></system-err>
  </testcase>
</testsuite>